Removed Pin From Net: NetName=C Pin=C17-2
Removed Pin From Net: NetName=B Pin=C18-2
Removed Pin From Net: NetName=C Pin=FD1-12
Removed Pin From Net: NetName=B Pin=FD1-15
Removed Pin From Net: NetName=PGND Pin=Q4-1
Removed Pin From Net: NetName=PGND Pin=Q4-2
Removed Pin From Net: NetName=PGND Pin=Q4-3
Removed Pin From Net: NetName=NetQ2_4 Pin=R6-1
Removed Pin From Net: NetName=NetQ1_4 Pin=R7-1
Removed Pin From Net: NetName=NetQ4_4 Pin=R9-1
Removed Pin From Net: NetName=NetQ3_4 Pin=R10-1
Change Component Footprint: Designator=Q1 Old Footprint=SOP_E150_8 New Footprint=DFN3X3X8
Change Component Footprint: Designator=Q2 Old Footprint=SOP_E150_8 New Footprint=DFN3X3X8
Change Component Footprint: Designator=Q3 Old Footprint=SOP_E150_8 New Footprint=DFN3X3X8
Change Component Footprint: Designator=Q4 Old Footprint=SOP_E150_8 New Footprint=DFN3X3X8
Change Component Footprint: Designator=Q6 Old Footprint=SOP_E150_8 New Footprint=DFN3X3X8
Change Component Comment : Designator=Q1 Old Comment=HY1103s New Comment=DFN_MOS
Change Component Comment : Designator=Q2 Old Comment=HY1103s New Comment=DFN_MOS
Change Component Comment : Designator=Q3 Old Comment=HY1103s New Comment=DFN_MOS
Change Component Comment : Designator=Q4 Old Comment=HY1103s New Comment=DFN_MOS
Change Component Comment : Designator=Q6 Old Comment=HY1103s New Comment=DFN_MOS
Change Component Designator: OldDesignator=* NewDesignator=Q5
Added Pin To Net: NetName=B Pin=C17-2
Added Pin To Net: NetName=C Pin=C18-2
Added Pin To Net: NetName=B Pin=FD1-12
Added Pin To Net: NetName=C Pin=FD1-15
Added Pin To Net: NetName=PGND Pin=Q3-1
Added Pin To Net: NetName=PGND Pin=Q3-2
Added Pin To Net: NetName=PGND Pin=Q3-3
Added Pin To Net: NetName=NetQ1_4 Pin=R6-1
Added Pin To Net: NetName=NetQ2_4 Pin=R7-1
Added Pin To Net: NetName=NetQ3_4 Pin=R9-1
Added Pin To Net: NetName=NetQ4_4 Pin=R10-1
Change Net Name : Old Net Name=B New Net Name=C
Change Net Name : Old Net Name=C New Net Name=B
Change Net Name : Old Net Name=Net*_4 New Net Name=NetQ5_4
Added Pin To Net: NetName=NetQ4_1 Pin=Q4-1
Added Pin To Net: NetName=NetQ4_1 Pin=Q4-2
Added Pin To Net: NetName=NetQ4_1 Pin=Q4-3
Added Pin To Net: NetName=NetQ4_1 Pin=R12-2
Added Pin To Net: NetName=NetQ4_1 Pin=U1-3
Added Net: Name=NetQ4_1
