Change component parameters. Clean all parameters for all variants
Change component parameters (AddParameter): Name = "Value"; Value = "56K"; VariantName = "[No Variations]"
Change component parameters. Clean all parameters for all variants
Change component parameters (AddParameter): Name = "Value"; Value = "300K"; VariantName = "[No Variations]"
Change component parameters. Clean all parameters for all variants
Change component parameters (AddParameter): Name = "LatestRevisionDate"; Value = "17-Jul-2002"; VariantName = "[No Variations]"
Change component parameters (AddParameter): Name = "LatestRevisionNote"; Value = "Re-released for DXP Platform."; VariantName = "[No Variations]"
Change component parameters (AddParameter): Name = "PackageReference"; Value = "AXIAL-0.3"; VariantName = "[No Variations]"
Change component parameters (AddParameter): Name = "Published"; Value = "8-Jun-2000"; VariantName = "[No Variations]"
Change component parameters (AddParameter): Name = "Publisher"; Value = "Altium Limited"; VariantName = "[No Variations]"
Change component parameters (AddParameter): Name = "Value"; Value = "0.003R"; VariantName = "[No Variations]"
Change component parameters. Clean all parameters for all variants
Change component parameters (AddParameter): Name = "LatestRevisionDate"; Value = "17-Jul-2002"; VariantName = "[No Variations]"
Change component parameters (AddParameter): Name = "LatestRevisionNote"; Value = "Re-released for DXP Platform."; VariantName = "[No Variations]"
Change component parameters (AddParameter): Name = "PackageReference"; Value = "AXIAL-0.3"; VariantName = "[No Variations]"
Change component parameters (AddParameter): Name = "Published"; Value = "8-Jun-2000"; VariantName = "[No Variations]"
Change component parameters (AddParameter): Name = "Publisher"; Value = "Altium Limited"; VariantName = "[No Variations]"
Change component parameters (AddParameter): Name = "Value"; Value = "0.003R"; VariantName = "[No Variations]"
Added Component: Designator=R20(RES_0603)
Add component. Clean all parameters for all variants
Add component (AddParameter): Name = "Value"; Value = "100K"; VariantName = "[No Variations]"
Added Component: Designator=R23(RES_0603)
Add component. Clean all parameters for all variants
Add component (AddParameter): Name = "Value"; Value = "10K"; VariantName = "[No Variations]"
Added Component: Designator=R24(RES_0603)
Add component. Clean all parameters for all variants
Add component (AddParameter): Name = "Value"; Value = "100K"; VariantName = "[No Variations]"
Added Component: Designator=R26(RES_0603)
Add component. Clean all parameters for all variants
Add component (AddParameter): Name = "Value"; Value = "10K"; VariantName = "[No Variations]"
Added Component: Designator=R27(RES_0603)
Add component. Clean all parameters for all variants
Add component (AddParameter): Name = "Value"; Value = "100K"; VariantName = "[No Variations]"
Added Component: Designator=R29(RES_0603)
Add component. Clean all parameters for all variants
Add component (AddParameter): Name = "Value"; Value = "10K"; VariantName = "[No Variations]"
Added Pin To Net: NetName=A Pin=R20-1
Added Pin To Net: NetName=PGND Pin=R23-1
Added Pin To Net: NetName=B Pin=R24-1
Added Pin To Net: NetName=PGND Pin=R26-1
Added Pin To Net: NetName=C Pin=R27-1
Added Pin To Net: NetName=PGND Pin=R29-1
Added Pin To Net: NetName=INA Pin=R20-2
Added Pin To Net: NetName=INA Pin=R23-2
Added Pin To Net: NetName=INA Pin=STM1-14
Added Net: Name=INA
Added Pin To Net: NetName=INB Pin=R24-2
Added Pin To Net: NetName=INB Pin=R26-2
Added Pin To Net: NetName=INB Pin=STM1-15
Added Net: Name=INB
Added Pin To Net: NetName=INC Pin=R27-2
Added Pin To Net: NetName=INC Pin=R29-2
Added Pin To Net: NetName=INC Pin=STM1-16
Added Net: Name=INC
Added Member To Class: ClassName=H_Bridge Member=Component FD1 FD6288
Added Member To Class: ClassName=H_Bridge Member=Component Q1 DFN_MOS
Added Member To Class: ClassName=H_Bridge Member=Component R20 Res_0603
Added Member To Class: ClassName=H_Bridge Member=Component R23 Res_0603
Added Member To Class: ClassName=H_Bridge Member=Component R24 Res_0603
Added Member To Class: ClassName=H_Bridge Member=Component R26 Res_0603
Added Member To Class: ClassName=H_Bridge Member=Component R27 Res_0603
Added Member To Class: ClassName=H_Bridge Member=Component R29 Res_0603
